[2024-05-29 20:17:52] [ INFO ] [BD:34] tabla creada con exito
[2024-05-29 21:20:28] [ INFO ] [BD:34] tabla creada con exito
[2024-05-29 21:23:43] [ INFO ] [BD:34] tabla creada con exito
[2024-05-29 21:28:27] [ INFO ] [BD:34] tabla creada con exito
[2024-05-29 21:55:12] [ INFO ] [BD:34] tabla creada con exito
[2024-05-29 22:06:13] [ INFO ] [BD:34] tabla creada con exito
[2024-05-29 23:09:53] [ INFO ] [BD:34] tabla creada con exito
[2024-05-29 23:14:03] [ INFO ] [PacienteDAOH2:20] inciando las operaciones de guardado de : Juan Jorge
[2024-05-29 23:14:03] [ INFO ] [DomicilioDAOH2:20] iniciando las operaciones de guardado de un domicilio con id: 123
[2024-05-29 23:14:03] [ ERROR] [DomicilioDAOH2:37] La columna "LOCALIDAD" no permite valores nulos (NULL)
NULL not allowed for column "LOCALIDAD"; SQL statement:
INSERT INTO DOMICILIOS (CALLE, NUMERO,LOCALIDAD, PROVINCIA) VALUES(?,?,?,?) [23502-214]
[2024-05-29 23:14:03] [ INFO ] [PacienteDAOH2:38] paciente guardado con exito
[2024-05-29 23:14:26] [ INFO ] [PacienteDAOH2:49] iniciando la operacion de buscado de un paciente con id : 123
[2024-05-29 23:14:55] [ INFO ] [PacienteDAOH2:20] inciando las operaciones de guardado de : Juan Jorge
[2024-05-29 23:14:55] [ INFO ] [DomicilioDAOH2:20] iniciando las operaciones de guardado de un domicilio con id: 123
[2024-05-29 23:14:55] [ ERROR] [DomicilioDAOH2:37] La columna "LOCALIDAD" no permite valores nulos (NULL)
NULL not allowed for column "LOCALIDAD"; SQL statement:
INSERT INTO DOMICILIOS (CALLE, NUMERO,LOCALIDAD, PROVINCIA) VALUES(?,?,?,?) [23502-214]
[2024-05-29 23:14:55] [ INFO ] [PacienteDAOH2:38] paciente guardado con exito
[2024-05-29 23:15:24] [ INFO ] [PacienteDAOH2:49] iniciando la operacion de buscado de un paciente con id : 3
[2024-05-29 23:15:24] [ INFO ] [DomicilioDAOH2:45] iniciando la busqueda de un domicilio con id: 123
[2024-05-29 23:16:35] [ INFO ] [PacienteDAOH2:49] iniciando la operacion de buscado de un paciente con id : 3
[2024-05-29 23:16:35] [ INFO ] [DomicilioDAOH2:45] iniciando la busqueda de un domicilio con id: 123
[2024-05-30 08:25:29] [ INFO ] [PacienteDAOH2:49] iniciando la operacion de buscado de un paciente con id : 123
[2024-05-30 08:25:34] [ INFO ] [PacienteDAOH2:49] iniciando la operacion de buscado de un paciente con id : 2
[2024-05-30 08:25:34] [ INFO ] [DomicilioDAOH2:45] iniciando la busqueda de un domicilio con id: 2
[2024-05-30 08:30:05] [ INFO ] [PacienteDAOH2:49] iniciando la operacion de buscado de un paciente con id : 2
[2024-05-30 08:30:05] [ INFO ] [DomicilioDAOH2:45] iniciando la busqueda de un domicilio con id: 2
[2024-05-30 08:48:19] [ INFO ] [PacienteDAOH2:49] iniciando la operacion de buscado de un paciente con id : 1
[2024-05-30 08:48:19] [ INFO ] [DomicilioDAOH2:45] iniciando la busqueda de un domicilio con id: 1
[2024-05-30 08:51:49] [ INFO ] [PacienteDAOH2:49] iniciando la operacion de buscado de un paciente con id : 2
[2024-05-30 08:51:49] [ INFO ] [DomicilioDAOH2:45] iniciando la busqueda de un domicilio con id: 2
[2024-05-30 08:52:22] [ INFO ] [BD:34] tabla creada con exito
[2024-05-30 09:16:15] [ INFO ] [BD:34] tabla creada con exito
[2024-05-30 09:16:35] [ INFO ] [PacienteDAOH2:49] iniciando la operacion de buscado de un paciente con id : 1
[2024-05-30 09:16:35] [ INFO ] [DomicilioDAOH2:45] iniciando la busqueda de un domicilio con id: 1
[2024-05-30 09:16:44] [ INFO ] [OdontologoDAOH2:85] iniciando las operaciones de:  listado de todos los odontologos
[2024-05-30 09:16:52] [ INFO ] [OdontologoDAOH2:85] iniciando las operaciones de:  listado de todos los odontologos
[2024-05-30 09:17:08] [ INFO ] [OdontologoDAOH2:85] iniciando las operaciones de:  listado de todos los odontologos
[2024-05-30 09:17:38] [ INFO ] [OdontologoDAOH2:24] iniciando las operaciones de: guardado de :  1234567890
[2024-05-30 09:17:55] [ INFO ] [PacienteDAOH2:49] iniciando la operacion de buscado de un paciente con id : 12
[2024-05-30 09:17:59] [ INFO ] [PacienteDAOH2:49] iniciando la operacion de buscado de un paciente con id : 1
[2024-05-30 09:17:59] [ INFO ] [DomicilioDAOH2:45] iniciando la busqueda de un domicilio con id: 1
[2024-05-30 09:18:03] [ INFO ] [PacienteDAOH2:49] iniciando la operacion de buscado de un paciente con id : 2
[2024-05-30 09:18:03] [ INFO ] [DomicilioDAOH2:45] iniciando la busqueda de un domicilio con id: 2
[2024-05-30 09:18:08] [ INFO ] [PacienteDAOH2:49] iniciando la operacion de buscado de un paciente con id : 3
[2024-05-30 09:30:52] [ INFO ] [OdontologoDAOH2:46] iniciando las operaciones de: 
[2024-05-30 09:32:35] [ INFO ] [OdontologoDAOH2:46] iniciando las operaciones de: 
[2024-05-30 09:32:53] [ INFO ] [OdontologoDAOH2:46] iniciando las operaciones de: 
[2024-05-30 09:32:55] [ INFO ] [OdontologoDAOH2:46] iniciando las operaciones de: 
[2024-05-30 09:33:23] [ INFO ] [OdontologoDAOH2:46] iniciando las operaciones de: 
[2024-05-30 09:33:47] [ INFO ] [OdontologoDAOH2:24] iniciando las operaciones de: guardado de :  124141415
[2024-05-30 09:33:56] [ INFO ] [OdontologoDAOH2:85] iniciando las operaciones de:  listado de todos los odontologos
[2024-05-30 09:34:05] [ INFO ] [OdontologoDAOH2:46] iniciando las operaciones de: 
[2024-05-30 09:36:12] [ INFO ] [BD:34] tabla creada con exito
[2024-05-30 09:36:17] [ INFO ] [BD:34] tabla creada con exito
[2024-05-30 09:37:00] [ INFO ] [BD:34] tabla creada con exito
[2024-05-30 09:38:59] [ INFO ] [OdontologoDAOH2:47] iniciando las operaciones de Busqueda por ID: 
[2024-05-30 09:39:04] [ INFO ] [OdontologoDAOH2:47] iniciando las operaciones de Busqueda por ID: 
[2024-05-30 09:39:07] [ INFO ] [OdontologoDAOH2:47] iniciando las operaciones de Busqueda por ID: 
[2024-05-30 09:39:09] [ INFO ] [OdontologoDAOH2:47] iniciando las operaciones de Busqueda por ID: 
[2024-05-30 09:39:13] [ INFO ] [OdontologoDAOH2:95] iniciando las operaciones de:  listado de todos los odontologos
[2024-05-30 09:39:35] [ INFO ] [OdontologoDAOH2:25] iniciando las operaciones de: guardado de :  124141415
[2024-05-30 09:39:46] [ INFO ] [OdontologoDAOH2:47] iniciando las operaciones de Busqueda por ID: 
[2024-05-30 10:00:19] [ INFO ] [PacienteDAOH2:49] iniciando la operacion de buscado de un paciente con id : 1
[2024-05-30 10:00:19] [ INFO ] [DomicilioDAOH2:45] iniciando la busqueda de un domicilio con id: 1
[2024-05-30 10:00:56] [ INFO ] [PacienteDAOH2:49] iniciando la operacion de buscado de un paciente con id : 1
[2024-05-30 10:00:56] [ INFO ] [DomicilioDAOH2:45] iniciando la busqueda de un domicilio con id: 1
[2024-05-30 10:01:30] [ INFO ] [PacienteDAOH2:49] iniciando la operacion de buscado de un paciente con id : 1
[2024-05-30 10:01:30] [ INFO ] [DomicilioDAOH2:45] iniciando la busqueda de un domicilio con id: 1
[2024-05-30 18:27:55] [ INFO ] [BD:34] tabla creada con exito
[2024-05-30 18:29:36] [ INFO ] [TurnoDAOLISTA:49] iniciando las operacion de mostrar todos los turnos
[2024-05-30 18:30:53] [ INFO ] [PacienteDAOH2:49] iniciando la operacion de buscado de un paciente con id : 2
[2024-05-30 18:30:53] [ INFO ] [DomicilioDAOH2:45] iniciando la busqueda de un domicilio con id: 2
[2024-05-30 18:30:53] [ INFO ] [OdontologoDAOH2:44] iniciando las operaciones de Busqueda por ID: 
[2024-05-30 18:30:53] [ INFO ] [TurnoDAOLISTA:14] iniciando las operaciones de guardado de un turno
[2024-05-30 18:30:53] [ INFO ] [PacienteDAOH2:49] iniciando la operacion de buscado de un paciente con id : 2
[2024-05-30 18:30:53] [ INFO ] [DomicilioDAOH2:45] iniciando la busqueda de un domicilio con id: 2
[2024-05-30 18:30:53] [ INFO ] [OdontologoDAOH2:44] iniciando las operaciones de Busqueda por ID: 
[2024-05-30 18:30:53] [ INFO ] [TurnoDAOLISTA:20] turno guardado con exito
[2024-05-30 18:34:57] [ INFO ] [TurnoDAOLISTA:49] iniciando las operacion de mostrar todos los turnos
[2024-05-30 18:35:21] [ INFO ] [PacienteDAOH2:49] iniciando la operacion de buscado de un paciente con id : 1
[2024-05-30 18:35:21] [ INFO ] [DomicilioDAOH2:45] iniciando la busqueda de un domicilio con id: 1
[2024-05-30 18:35:21] [ INFO ] [OdontologoDAOH2:44] iniciando las operaciones de Busqueda por ID: 
[2024-05-30 18:35:21] [ INFO ] [TurnoDAOLISTA:14] iniciando las operaciones de guardado de un turno
[2024-05-30 18:35:21] [ INFO ] [PacienteDAOH2:49] iniciando la operacion de buscado de un paciente con id : 1
[2024-05-30 18:35:21] [ INFO ] [DomicilioDAOH2:45] iniciando la busqueda de un domicilio con id: 1
[2024-05-30 18:35:21] [ INFO ] [OdontologoDAOH2:44] iniciando las operaciones de Busqueda por ID: 
[2024-05-30 18:35:21] [ INFO ] [TurnoDAOLISTA:20] turno guardado con exito
[2024-05-30 18:43:33] [ INFO ] [BD:34] tabla creada con exito
[2024-05-30 18:43:47] [ INFO ] [TurnoDAOLISTA:50] iniciando las operacion de mostrar todos los turnos
[2024-05-30 18:43:52] [ INFO ] [TurnoDAOLISTA:50] iniciando las operacion de mostrar todos los turnos
[2024-05-30 18:44:11] [ INFO ] [PacienteDAOH2:49] iniciando la operacion de buscado de un paciente con id : 1
[2024-05-30 18:44:11] [ INFO ] [DomicilioDAOH2:45] iniciando la busqueda de un domicilio con id: 1
[2024-05-30 18:44:11] [ INFO ] [OdontologoDAOH2:44] iniciando las operaciones de Busqueda por ID: 
[2024-05-30 18:44:11] [ INFO ] [TurnoDAOLISTA:14] iniciando las operaciones de guardado de un turno
[2024-05-30 18:44:11] [ INFO ] [PacienteDAOH2:49] iniciando la operacion de buscado de un paciente con id : 1
[2024-05-30 18:44:11] [ INFO ] [DomicilioDAOH2:45] iniciando la busqueda de un domicilio con id: 1
[2024-05-30 18:44:11] [ INFO ] [OdontologoDAOH2:44] iniciando las operaciones de Busqueda por ID: 
[2024-05-30 18:44:23] [ INFO ] [PacienteDAOH2:49] iniciando la operacion de buscado de un paciente con id : 2
[2024-05-30 18:44:23] [ INFO ] [DomicilioDAOH2:45] iniciando la busqueda de un domicilio con id: 2
[2024-05-30 18:44:23] [ INFO ] [OdontologoDAOH2:44] iniciando las operaciones de Busqueda por ID: 
[2024-05-30 18:44:23] [ INFO ] [TurnoDAOLISTA:14] iniciando las operaciones de guardado de un turno
[2024-05-30 18:44:23] [ INFO ] [PacienteDAOH2:49] iniciando la operacion de buscado de un paciente con id : 2
[2024-05-30 18:44:23] [ INFO ] [DomicilioDAOH2:45] iniciando la busqueda de un domicilio con id: 2
[2024-05-30 18:44:23] [ INFO ] [OdontologoDAOH2:44] iniciando las operaciones de Busqueda por ID: 
[2024-05-30 19:04:53] [ INFO ] [BD:34] tabla creada con exito
[2024-05-30 19:05:29] [ INFO ] [PacienteDAOH2:49] iniciando la operacion de buscado de un paciente con id : 2
[2024-05-30 19:05:30] [ INFO ] [DomicilioDAOH2:45] iniciando la busqueda de un domicilio con id: 2
[2024-05-30 19:05:30] [ INFO ] [OdontologoDAOH2:44] iniciando las operaciones de Busqueda por ID: 
[2024-05-30 19:05:30] [ INFO ] [TurnoDAOLISTA:15] iniciando las operaciones de guardado de un turno
[2024-05-30 19:05:30] [ INFO ] [PacienteDAOH2:49] iniciando la operacion de buscado de un paciente con id : 2
[2024-05-30 19:05:30] [ INFO ] [DomicilioDAOH2:45] iniciando la busqueda de un domicilio con id: 2
[2024-05-30 19:05:30] [ INFO ] [OdontologoDAOH2:44] iniciando las operaciones de Busqueda por ID: 
[2024-05-30 19:05:30] [ INFO ] [TurnoDAOLISTA:23] turno guardado con exito
[2024-05-30 19:05:37] [ INFO ] [PacienteDAOH2:49] iniciando la operacion de buscado de un paciente con id : 1
[2024-05-30 19:05:37] [ INFO ] [DomicilioDAOH2:45] iniciando la busqueda de un domicilio con id: 1
[2024-05-30 19:05:37] [ INFO ] [OdontologoDAOH2:44] iniciando las operaciones de Busqueda por ID: 
[2024-05-30 19:05:37] [ INFO ] [TurnoDAOLISTA:15] iniciando las operaciones de guardado de un turno
[2024-05-30 19:05:37] [ INFO ] [PacienteDAOH2:49] iniciando la operacion de buscado de un paciente con id : 1
[2024-05-30 19:05:37] [ INFO ] [DomicilioDAOH2:45] iniciando la busqueda de un domicilio con id: 1
[2024-05-30 19:05:37] [ INFO ] [OdontologoDAOH2:44] iniciando las operaciones de Busqueda por ID: 
[2024-05-30 19:05:37] [ INFO ] [TurnoDAOLISTA:23] turno guardado con exito
[2024-05-30 20:06:46] [ INFO ] [BD:34] tabla creada con exito
[2024-05-30 20:07:26] [ INFO ] [OdontologoDAOH2:96] iniciando las operaciones de:  listado de todos los odontologos
[2024-05-30 20:13:54] [ INFO ] [OdontologoDAOH2:96] iniciando las operaciones de:  listado de todos los odontologos
<<<<<<< HEAD
[2024-05-30 21:04:36] [ INFO ] [BD:34] tabla creada con exito
[2024-05-30 21:09:05] [ INFO ] [OdontologoDAOH2:96] iniciando las operaciones de:  listado de todos los odontologos
[2024-05-30 21:09:09] [ INFO ] [OdontologoDAOH2:96] iniciando las operaciones de:  listado de todos los odontologos
[2024-05-30 21:12:24] [ INFO ] [OdontologoDAOH2:96] iniciando las operaciones de:  listado de todos los odontologos
[2024-05-30 21:12:43] [ INFO ] [BD:34] tabla creada con exito
[2024-05-30 21:16:12] [ INFO ] [OdontologoDAOH2:96] iniciando las operaciones de:  listado de todos los odontologos
[2024-05-30 21:16:16] [ INFO ] [OdontologoDAOH2:96] iniciando las operaciones de:  listado de todos los odontologos
=======
[2024-05-30 22:50:29] [ INFO ] [BD:34] tabla creada con exito
[2024-05-30 22:51:37] [ INFO ] [OdontologoDAOH2:96] iniciando las operaciones de:  listado de todos los odontologos
>>>>>>> dafe1896dbe4a8dfc69f051e8d045779b5c71e4e
[2024-05-30 22:07:09] [ INFO ] [BD:34] tabla creada con exito
[2024-05-30 22:07:21] [ INFO ] [PacienteDAOH2:103] iniciando las operaciones de busqueda:
[2024-05-30 22:07:21] [ INFO ] [DomicilioDAOH2:45] iniciando la busqueda de un domicilio con id: 1
[2024-05-30 22:07:21] [ INFO ] [DomicilioDAOH2:45] iniciando la busqueda de un domicilio con id: 2
[2024-05-30 22:07:25] [ INFO ] [PacienteDAOH2:103] iniciando las operaciones de busqueda:
[2024-05-30 22:07:25] [ INFO ] [DomicilioDAOH2:45] iniciando la busqueda de un domicilio con id: 1
[2024-05-30 22:07:25] [ INFO ] [DomicilioDAOH2:45] iniciando la busqueda de un domicilio con id: 2
[2024-05-30 22:07:41] [ INFO ] [OdontologoDAOH2:96] iniciando las operaciones de:  listado de todos los odontologos
[2024-05-30 22:07:45] [ INFO ] [PacienteDAOH2:103] iniciando las operaciones de busqueda:
[2024-05-30 22:07:45] [ INFO ] [DomicilioDAOH2:45] iniciando la busqueda de un domicilio con id: 1
[2024-05-30 22:07:45] [ INFO ] [DomicilioDAOH2:45] iniciando la busqueda de un domicilio con id: 2
[2024-05-30 22:07:57] [ INFO ] [PacienteDAOH2:103] iniciando las operaciones de busqueda:
[2024-05-30 22:07:57] [ INFO ] [DomicilioDAOH2:45] iniciando la busqueda de un domicilio con id: 1
[2024-05-30 22:07:57] [ INFO ] [DomicilioDAOH2:45] iniciando la busqueda de un domicilio con id: 2
[2024-05-30 22:08:41] [ INFO ] [OdontologoDAOH2:96] iniciando las operaciones de:  listado de todos los odontologos
[2024-05-30 22:08:51] [ INFO ] [OdontologoDAOH2:96] iniciando las operaciones de:  listado de todos los odontologos
[2024-05-30 22:09:16] [ INFO ] [PacienteDAOH2:103] iniciando las operaciones de busqueda:
[2024-05-30 22:09:16] [ INFO ] [DomicilioDAOH2:45] iniciando la busqueda de un domicilio con id: 1
[2024-05-30 22:09:16] [ INFO ] [DomicilioDAOH2:45] iniciando la busqueda de un domicilio con id: 2
[2024-05-30 22:09:17] [ INFO ] [PacienteDAOH2:103] iniciando las operaciones de busqueda:
[2024-05-30 22:09:17] [ INFO ] [DomicilioDAOH2:45] iniciando la busqueda de un domicilio con id: 1
[2024-05-30 22:09:17] [ INFO ] [DomicilioDAOH2:45] iniciando la busqueda de un domicilio con id: 2
[2024-05-30 22:10:36] [ INFO ] [PacienteDAOH2:103] iniciando las operaciones de busqueda:
[2024-05-30 22:10:36] [ INFO ] [DomicilioDAOH2:45] iniciando la busqueda de un domicilio con id: 1
[2024-05-30 22:10:36] [ INFO ] [DomicilioDAOH2:45] iniciando la busqueda de un domicilio con id: 2
[2024-05-30 22:12:31] [ INFO ] [BD:34] tabla creada con exito
[2024-05-30 22:13:50] [ INFO ] [PacienteDAOH2:103] iniciando las operaciones de busqueda:
[2024-05-30 22:13:50] [ INFO ] [DomicilioDAOH2:45] iniciando la busqueda de un domicilio con id: 1
[2024-05-30 22:13:50] [ INFO ] [DomicilioDAOH2:45] iniciando la busqueda de un domicilio con id: 2
[2024-05-30 22:13:55] [ INFO ] [PacienteDAOH2:103] iniciando las operaciones de busqueda:
[2024-05-30 22:13:55] [ INFO ] [DomicilioDAOH2:45] iniciando la busqueda de un domicilio con id: 1
[2024-05-30 22:13:55] [ INFO ] [DomicilioDAOH2:45] iniciando la busqueda de un domicilio con id: 2
[2024-05-30 22:14:42] [ INFO ] [PacienteDAOH2:103] iniciando las operaciones de busqueda:
[2024-05-30 22:14:42] [ INFO ] [DomicilioDAOH2:45] iniciando la busqueda de un domicilio con id: 1
[2024-05-30 22:14:42] [ INFO ] [DomicilioDAOH2:45] iniciando la busqueda de un domicilio con id: 2
[2024-05-30 22:24:39] [ INFO ] [PacienteDAOH2:103] iniciando las operaciones de busqueda:
[2024-05-30 22:24:39] [ INFO ] [DomicilioDAOH2:45] iniciando la busqueda de un domicilio con id: 1
[2024-05-30 22:24:39] [ INFO ] [DomicilioDAOH2:45] iniciando la busqueda de un domicilio con id: 2
[2024-05-30 22:24:50] [ INFO ] [BD:34] tabla creada con exito
[2024-05-30 22:26:38] [ INFO ] [PacienteDAOH2:103] iniciando las operaciones de busqueda:
[2024-05-30 22:26:38] [ INFO ] [DomicilioDAOH2:45] iniciando la busqueda de un domicilio con id: 1
[2024-05-30 22:26:38] [ INFO ] [DomicilioDAOH2:45] iniciando la busqueda de un domicilio con id: 2
[2024-05-30 22:27:50] [ INFO ] [TurnoDAOLISTA:52] iniciando las operacion de mostrar todos los turnos
[2024-05-30 22:27:57] [ INFO ] [TurnoDAOLISTA:52] iniciando las operacion de mostrar todos los turnos
[2024-05-30 22:28:05] [ INFO ] [PacienteDAOH2:49] iniciando la operacion de buscado de un paciente con id : 1
[2024-05-30 22:28:05] [ INFO ] [DomicilioDAOH2:45] iniciando la busqueda de un domicilio con id: 1
[2024-05-30 22:28:05] [ INFO ] [OdontologoDAOH2:44] iniciando las operaciones de Busqueda por ID: 
[2024-05-30 22:28:05] [ INFO ] [TurnoDAOLISTA:15] iniciando las operaciones de guardado de un turno
[2024-05-30 22:28:05] [ INFO ] [PacienteDAOH2:49] iniciando la operacion de buscado de un paciente con id : 1
[2024-05-30 22:28:05] [ INFO ] [DomicilioDAOH2:45] iniciando la busqueda de un domicilio con id: 1
[2024-05-30 22:28:05] [ INFO ] [OdontologoDAOH2:44] iniciando las operaciones de Busqueda por ID: 
[2024-05-30 22:28:05] [ INFO ] [TurnoDAOLISTA:23] turno guardado con exito
[2024-05-30 22:28:21] [ INFO ] [PacienteDAOH2:49] iniciando la operacion de buscado de un paciente con id : 2
[2024-05-30 22:28:21] [ INFO ] [DomicilioDAOH2:45] iniciando la busqueda de un domicilio con id: 2
[2024-05-30 22:28:21] [ INFO ] [OdontologoDAOH2:44] iniciando las operaciones de Busqueda por ID: 
[2024-05-30 22:28:21] [ INFO ] [TurnoDAOLISTA:15] iniciando las operaciones de guardado de un turno
[2024-05-30 22:28:21] [ INFO ] [PacienteDAOH2:49] iniciando la operacion de buscado de un paciente con id : 2
[2024-05-30 22:28:21] [ INFO ] [DomicilioDAOH2:45] iniciando la busqueda de un domicilio con id: 2
[2024-05-30 22:28:21] [ INFO ] [OdontologoDAOH2:44] iniciando las operaciones de Busqueda por ID: 
[2024-05-30 22:28:21] [ INFO ] [TurnoDAOLISTA:23] turno guardado con exito
[2024-05-30 22:28:28] [ INFO ] [TurnoDAOLISTA:52] iniciando las operacion de mostrar todos los turnos
[2024-05-30 22:35:26] [ INFO ] [BD:34] tabla creada con exito
[2024-05-30 22:36:53] [ INFO ] [PacienteDAOH2:103] iniciando las operaciones de busqueda:
[2024-05-30 22:36:53] [ INFO ] [DomicilioDAOH2:45] iniciando la busqueda de un domicilio con id: 1
[2024-05-30 22:36:53] [ INFO ] [DomicilioDAOH2:45] iniciando la busqueda de un domicilio con id: 2
[2024-05-30 22:37:00] [ INFO ] [OdontologoDAOH2:96] iniciando las operaciones de:  listado de todos los odontologos
[2024-05-30 22:38:15] [ INFO ] [BD:34] tabla creada con exito
[2024-05-30 22:39:08] [ INFO ] [TurnoDAOLISTA:52] iniciando las operacion de mostrar todos los turnos
[2024-05-30 22:40:37] [ INFO ] [TurnoDAOLISTA:52] iniciando las operacion de mostrar todos los turnos
[2024-05-30 22:40:58] [ INFO ] [PacienteDAOH2:49] iniciando la operacion de buscado de un paciente con id : 2
[2024-05-30 22:40:58] [ INFO ] [DomicilioDAOH2:45] iniciando la busqueda de un domicilio con id: 2
[2024-05-30 22:40:58] [ INFO ] [OdontologoDAOH2:44] iniciando las operaciones de Busqueda por ID: 
[2024-05-30 22:40:58] [ INFO ] [TurnoDAOLISTA:15] iniciando las operaciones de guardado de un turno
[2024-05-30 22:40:58] [ INFO ] [PacienteDAOH2:49] iniciando la operacion de buscado de un paciente con id : 2
[2024-05-30 22:40:58] [ INFO ] [DomicilioDAOH2:45] iniciando la busqueda de un domicilio con id: 2
[2024-05-30 22:40:58] [ INFO ] [OdontologoDAOH2:44] iniciando las operaciones de Busqueda por ID: 
[2024-05-30 22:40:58] [ INFO ] [TurnoDAOLISTA:23] turno guardado con exito
[2024-05-30 22:41:04] [ INFO ] [PacienteDAOH2:49] iniciando la operacion de buscado de un paciente con id : 1
[2024-05-30 22:41:04] [ INFO ] [DomicilioDAOH2:45] iniciando la busqueda de un domicilio con id: 1
[2024-05-30 22:41:04] [ INFO ] [OdontologoDAOH2:44] iniciando las operaciones de Busqueda por ID: 
[2024-05-30 22:41:04] [ INFO ] [TurnoDAOLISTA:15] iniciando las operaciones de guardado de un turno
[2024-05-30 22:41:04] [ INFO ] [PacienteDAOH2:49] iniciando la operacion de buscado de un paciente con id : 1
[2024-05-30 22:41:04] [ INFO ] [DomicilioDAOH2:45] iniciando la busqueda de un domicilio con id: 1
[2024-05-30 22:41:04] [ INFO ] [OdontologoDAOH2:44] iniciando las operaciones de Busqueda por ID: 
[2024-05-30 22:41:04] [ INFO ] [TurnoDAOLISTA:23] turno guardado con exito
[2024-05-30 22:41:07] [ INFO ] [TurnoDAOLISTA:52] iniciando las operacion de mostrar todos los turnos
[2024-05-30 22:41:11] [ INFO ] [TurnoDAOLISTA:52] iniciando las operacion de mostrar todos los turnos
[2024-05-31 18:12:39] [ INFO ] [BD:34] tabla creada con exito
[2024-05-31 18:16:27] [ INFO ] [TurnoDAOLISTA:52] iniciando las operacion de mostrar todos los turnos
[2024-05-31 18:16:34] [ INFO ] [PacienteDAOH2:49] iniciando la operacion de buscado de un paciente con id : 1
[2024-05-31 18:16:34] [ INFO ] [DomicilioDAOH2:45] iniciando la busqueda de un domicilio con id: 1
[2024-05-31 18:16:34] [ INFO ] [OdontologoDAOH2:44] iniciando las operaciones de Busqueda por ID: 
[2024-05-31 18:16:34] [ INFO ] [TurnoDAOLISTA:15] iniciando las operaciones de guardado de un turno
[2024-05-31 18:16:34] [ INFO ] [PacienteDAOH2:49] iniciando la operacion de buscado de un paciente con id : 1
[2024-05-31 18:16:34] [ INFO ] [DomicilioDAOH2:45] iniciando la busqueda de un domicilio con id: 1
[2024-05-31 18:16:34] [ INFO ] [OdontologoDAOH2:44] iniciando las operaciones de Busqueda por ID: 
[2024-05-31 18:16:34] [ INFO ] [TurnoDAOLISTA:23] turno guardado con exito
[2024-05-31 18:16:44] [ INFO ] [PacienteDAOH2:49] iniciando la operacion de buscado de un paciente con id : 2
[2024-05-31 18:16:44] [ INFO ] [DomicilioDAOH2:45] iniciando la busqueda de un domicilio con id: 2
[2024-05-31 18:16:44] [ INFO ] [OdontologoDAOH2:44] iniciando las operaciones de Busqueda por ID: 
[2024-05-31 18:16:44] [ INFO ] [TurnoDAOLISTA:15] iniciando las operaciones de guardado de un turno
[2024-05-31 18:16:44] [ INFO ] [PacienteDAOH2:49] iniciando la operacion de buscado de un paciente con id : 2
[2024-05-31 18:16:44] [ INFO ] [DomicilioDAOH2:45] iniciando la busqueda de un domicilio con id: 2
[2024-05-31 18:16:44] [ INFO ] [OdontologoDAOH2:44] iniciando las operaciones de Busqueda por ID: 
[2024-05-31 18:16:44] [ INFO ] [TurnoDAOLISTA:23] turno guardado con exito
[2024-05-31 18:16:53] [ INFO ] [TurnoDAOLISTA:52] iniciando las operacion de mostrar todos los turnos
[2024-05-31 18:17:41] [ INFO ] [PacienteDAOH2:103] iniciando las operaciones de busqueda:
[2024-05-31 18:17:41] [ INFO ] [DomicilioDAOH2:45] iniciando la busqueda de un domicilio con id: 1
[2024-05-31 18:17:41] [ INFO ] [DomicilioDAOH2:45] iniciando la busqueda de un domicilio con id: 2
[2024-05-31 18:30:34] [ INFO ] [OdontologoDAOH2:96] iniciando las operaciones de:  listado de todos los odontologos
[2024-05-31 18:30:38] [ INFO ] [PacienteDAOH2:103] iniciando las operaciones de busqueda:
[2024-05-31 18:30:38] [ INFO ] [DomicilioDAOH2:45] iniciando la busqueda de un domicilio con id: 1
[2024-05-31 18:30:38] [ INFO ] [DomicilioDAOH2:45] iniciando la busqueda de un domicilio con id: 2
[2024-05-31 18:30:43] [ INFO ] [TurnoDAOLISTA:52] iniciando las operacion de mostrar todos los turnos
[2024-05-31 18:47:16] [ INFO ] [PacienteDAOH2:103] iniciando las operaciones de busqueda:
[2024-05-31 18:47:16] [ INFO ] [DomicilioDAOH2:45] iniciando la busqueda de un domicilio con id: 1
[2024-05-31 18:47:16] [ INFO ] [DomicilioDAOH2:45] iniciando la busqueda de un domicilio con id: 2
[2024-05-31 19:02:05] [ INFO ] [BD:34] tabla creada con exito
[2024-05-31 19:04:55] [ INFO ] [BD:34] tabla creada con exito
[2024-05-31 19:07:14] [ INFO ] [BD:34] tabla creada con exito
[2024-05-31 19:08:00] [ INFO ] [PacienteDAOH2:103] iniciando las operaciones de busqueda:
[2024-05-31 19:08:00] [ INFO ] [DomicilioDAOH2:45] iniciando la busqueda de un domicilio con id: 1
[2024-05-31 19:08:00] [ INFO ] [DomicilioDAOH2:45] iniciando la busqueda de un domicilio con id: 2
[2024-05-31 19:08:04] [ INFO ] [OdontologoDAOH2:96] iniciando las operaciones de:  listado de todos los odontologos
[2024-05-31 19:58:24] [ INFO ] [BD:34] tabla creada con exito
[2024-05-31 20:00:00] [ INFO ] [PacienteDAOH2:103] iniciando las operaciones de busqueda:
[2024-05-31 20:00:00] [ INFO ] [DomicilioDAOH2:45] iniciando la busqueda de un domicilio con id: 1
[2024-05-31 20:00:00] [ INFO ] [DomicilioDAOH2:45] iniciando la busqueda de un domicilio con id: 2
[2024-05-31 20:19:16] [ INFO ] [BD:34] tabla creada con exito
[2024-05-31 20:23:18] [ INFO ] [PacienteDAOH2:103] iniciando las operaciones de busqueda:
[2024-05-31 20:23:18] [ INFO ] [DomicilioDAOH2:45] iniciando la busqueda de un domicilio con id: 1
[2024-05-31 20:23:18] [ INFO ] [DomicilioDAOH2:45] iniciando la busqueda de un domicilio con id: 2
[2024-05-31 20:23:30] [ INFO ] [PacienteDAOH2:103] iniciando las operaciones de busqueda:
[2024-05-31 20:23:30] [ INFO ] [DomicilioDAOH2:45] iniciando la busqueda de un domicilio con id: 1
[2024-05-31 20:23:30] [ INFO ] [DomicilioDAOH2:45] iniciando la busqueda de un domicilio con id: 2
[2024-05-31 20:31:39] [ INFO ] [OdontologoDAOH2:22] iniciando las operaciones de: guardado de :  1234
[2024-05-31 20:31:52] [ INFO ] [OdontologoDAOH2:96] iniciando las operaciones de:  listado de todos los odontologos
[2024-05-31 20:34:24] [ INFO ] [BD:34] tabla creada con exito
[2024-05-31 20:34:47] [ INFO ] [OdontologoDAOH2:22] iniciando las operaciones de: guardado de :  1234
[2024-05-31 20:41:19] [ INFO ] [PacienteDAOH2:103] iniciando las operaciones de busqueda:
[2024-05-31 20:41:19] [ INFO ] [DomicilioDAOH2:45] iniciando la busqueda de un domicilio con id: 1
[2024-05-31 20:41:19] [ INFO ] [DomicilioDAOH2:45] iniciando la busqueda de un domicilio con id: 2
[2024-05-31 20:41:21] [ INFO ] [PacienteDAOH2:103] iniciando las operaciones de busqueda:
[2024-05-31 20:41:21] [ INFO ] [DomicilioDAOH2:45] iniciando la busqueda de un domicilio con id: 1
[2024-05-31 20:41:21] [ INFO ] [DomicilioDAOH2:45] iniciando la busqueda de un domicilio con id: 2
[2024-05-31 20:44:34] [ INFO ] [PacienteDAOH2:49] iniciando la operacion de buscado de un paciente con id : 2
[2024-05-31 20:44:34] [ INFO ] [DomicilioDAOH2:45] iniciando la busqueda de un domicilio con id: 2
[2024-05-31 20:44:34] [ INFO ] [OdontologoDAOH2:44] iniciando las operaciones de Busqueda por ID: 
[2024-05-31 20:44:34] [ INFO ] [TurnoDAOLISTA:15] iniciando las operaciones de guardado de un turno
[2024-05-31 20:44:34] [ INFO ] [PacienteDAOH2:49] iniciando la operacion de buscado de un paciente con id : 2
[2024-05-31 20:44:34] [ INFO ] [DomicilioDAOH2:45] iniciando la busqueda de un domicilio con id: 2
[2024-05-31 20:44:34] [ INFO ] [OdontologoDAOH2:44] iniciando las operaciones de Busqueda por ID: 
[2024-05-31 20:44:34] [ INFO ] [TurnoDAOLISTA:23] turno guardado con exito
[2024-05-31 20:46:22] [ INFO ] [BD:34] tabla creada con exito
[2024-05-31 20:46:37] [ INFO ] [PacienteDAOH2:49] iniciando la operacion de buscado de un paciente con id : 1
[2024-05-31 20:46:37] [ INFO ] [DomicilioDAOH2:45] iniciando la busqueda de un domicilio con id: 1
[2024-05-31 20:46:37] [ INFO ] [OdontologoDAOH2:44] iniciando las operaciones de Busqueda por ID: 
[2024-05-31 20:46:37] [ INFO ] [TurnoDAOLISTA:15] iniciando las operaciones de guardado de un turno
[2024-05-31 20:46:37] [ INFO ] [PacienteDAOH2:49] iniciando la operacion de buscado de un paciente con id : 1
[2024-05-31 20:46:37] [ INFO ] [DomicilioDAOH2:45] iniciando la busqueda de un domicilio con id: 1
[2024-05-31 20:46:37] [ INFO ] [OdontologoDAOH2:44] iniciando las operaciones de Busqueda por ID: 
[2024-05-31 20:46:37] [ INFO ] [TurnoDAOLISTA:23] turno guardado con exito
[2024-05-31 20:47:02] [ INFO ] [TurnoDAOLISTA:52] iniciando las operacion de mostrar todos los turnos
[2024-05-31 20:51:54] [ INFO ] [BD:34] tabla creada con exito
[2024-05-31 20:56:29] [ INFO ] [BD:34] tabla creada con exito
[2024-05-31 20:57:03] [ INFO ] [OdontologoDAOH2:22] iniciando las operaciones de: guardado de :  124141415
[2024-05-31 20:59:28] [ INFO ] [BD:34] tabla creada con exito
[2024-05-31 21:00:46] [ INFO ] [PacienteDAOH2:103] iniciando las operaciones de busqueda:
[2024-05-31 21:00:46] [ INFO ] [DomicilioDAOH2:45] iniciando la busqueda de un domicilio con id: 1
[2024-05-31 21:00:46] [ INFO ] [DomicilioDAOH2:45] iniciando la busqueda de un domicilio con id: 2
[2024-05-31 21:00:56] [ INFO ] [PacienteDAOH2:103] iniciando las operaciones de busqueda:
[2024-05-31 21:00:56] [ INFO ] [DomicilioDAOH2:45] iniciando la busqueda de un domicilio con id: 1
[2024-05-31 21:00:56] [ INFO ] [DomicilioDAOH2:45] iniciando la busqueda de un domicilio con id: 2
[2024-05-31 21:00:57] [ INFO ] [PacienteDAOH2:103] iniciando las operaciones de busqueda:
[2024-05-31 21:00:57] [ INFO ] [DomicilioDAOH2:45] iniciando la busqueda de un domicilio con id: 1
[2024-05-31 21:00:57] [ INFO ] [DomicilioDAOH2:45] iniciando la busqueda de un domicilio con id: 2
[2024-05-31 21:03:06] [ INFO ] [BD:34] tabla creada con exito
[2024-05-31 21:03:22] [ INFO ] [PacienteDAOH2:103] iniciando las operaciones de busqueda:
[2024-05-31 21:03:22] [ INFO ] [DomicilioDAOH2:45] iniciando la busqueda de un domicilio con id: 1
[2024-05-31 21:03:22] [ INFO ] [DomicilioDAOH2:45] iniciando la busqueda de un domicilio con id: 2
[2024-05-31 21:08:27] [ INFO ] [PacienteDAOH2:103] iniciando las operaciones de busqueda:
[2024-05-31 21:08:27] [ INFO ] [DomicilioDAOH2:45] iniciando la busqueda de un domicilio con id: 1
[2024-05-31 21:08:27] [ INFO ] [DomicilioDAOH2:45] iniciando la busqueda de un domicilio con id: 2
[2024-05-31 21:18:19] [ INFO ] [BD:34] tabla creada con exito
[2024-05-31 23:33:34] [ INFO ] [BD:34] tabla creada con exito
[2024-05-31 23:35:38] [ INFO ] [TurnoDAOLISTA:52] iniciando las operacion de mostrar todos los turnos
[2024-05-31 23:35:53] [ INFO ] [OdontologoDAOH2:96] iniciando las operaciones de:  listado de todos los odontologos
[2024-05-31 23:37:31] [ INFO ] [TurnoDAOLISTA:52] iniciando las operacion de mostrar todos los turnos
[2024-05-31 23:38:08] [ INFO ] [PacienteDAOH2:49] iniciando la operacion de buscado de un paciente con id : 1
[2024-05-31 23:38:08] [ INFO ] [DomicilioDAOH2:45] iniciando la busqueda de un domicilio con id: 1
[2024-05-31 23:38:08] [ INFO ] [OdontologoDAOH2:44] iniciando las operaciones de Busqueda por ID: 
[2024-05-31 23:38:08] [ INFO ] [TurnoDAOLISTA:15] iniciando las operaciones de guardado de un turno
[2024-05-31 23:38:08] [ INFO ] [PacienteDAOH2:49] iniciando la operacion de buscado de un paciente con id : 1
[2024-05-31 23:38:08] [ INFO ] [DomicilioDAOH2:45] iniciando la busqueda de un domicilio con id: 1
[2024-05-31 23:38:08] [ INFO ] [OdontologoDAOH2:44] iniciando las operaciones de Busqueda por ID: 
[2024-05-31 23:38:08] [ INFO ] [TurnoDAOLISTA:23] turno guardado con exito
[2024-05-31 23:38:21] [ INFO ] [TurnoDAOLISTA:52] iniciando las operacion de mostrar todos los turnos
[2024-05-31 23:39:10] [ INFO ] [PacienteDAOH2:103] iniciando las operaciones de busqueda:
[2024-05-31 23:39:10] [ INFO ] [DomicilioDAOH2:45] iniciando la busqueda de un domicilio con id: 1
[2024-05-31 23:39:10] [ INFO ] [DomicilioDAOH2:45] iniciando la busqueda de un domicilio con id: 2
[2024-05-31 23:40:19] [ INFO ] [PacienteDAOH2:103] iniciando las operaciones de busqueda:
[2024-05-31 23:40:19] [ INFO ] [DomicilioDAOH2:45] iniciando la busqueda de un domicilio con id: 1
[2024-05-31 23:40:19] [ INFO ] [DomicilioDAOH2:45] iniciando la busqueda de un domicilio con id: 2
[2024-05-31 23:41:58] [ INFO ] [PacienteDAOH2:103] iniciando las operaciones de busqueda:
[2024-05-31 23:41:58] [ INFO ] [DomicilioDAOH2:45] iniciando la busqueda de un domicilio con id: 1
[2024-05-31 23:41:58] [ INFO ] [DomicilioDAOH2:45] iniciando la busqueda de un domicilio con id: 2
[2024-05-31 23:45:40] [ INFO ] [PacienteDAOH2:103] iniciando las operaciones de busqueda:
[2024-05-31 23:45:40] [ INFO ] [DomicilioDAOH2:45] iniciando la busqueda de un domicilio con id: 1
[2024-05-31 23:45:40] [ INFO ] [DomicilioDAOH2:45] iniciando la busqueda de un domicilio con id: 2
[2024-05-31 23:46:05] [ INFO ] [PacienteDAOH2:103] iniciando las operaciones de busqueda:
[2024-05-31 23:46:05] [ INFO ] [DomicilioDAOH2:45] iniciando la busqueda de un domicilio con id: 1
[2024-05-31 23:46:05] [ INFO ] [DomicilioDAOH2:45] iniciando la busqueda de un domicilio con id: 2
[2024-05-31 23:58:03] [ INFO ] [BD:34] tabla creada con exito
[2024-06-01 00:06:14] [ INFO ] [BD:34] tabla creada con exito
[2024-06-01 00:07:12] [ INFO ] [PacienteDAOH2:20] inciando las operaciones de guardado de : Juan Jorge
[2024-06-01 00:07:12] [ INFO ] [DomicilioDAOH2:20] iniciando las operaciones de guardado de un domicilio con id: 123
[2024-06-01 00:07:12] [ ERROR] [DomicilioDAOH2:37] La columna "LOCALIDAD" no permite valores nulos (NULL)
NULL not allowed for column "LOCALIDAD"; SQL statement:
INSERT INTO DOMICILIOS (CALLE, NUMERO,LOCALIDAD, PROVINCIA) VALUES(?,?,?,?) [23502-214]
[2024-06-01 00:07:12] [ INFO ] [PacienteDAOH2:38] paciente guardado con exito
[2024-06-01 00:07:53] [ INFO ] [PacienteDAOH2:20] inciando las operaciones de guardado de : Juan Jorge
[2024-06-01 00:07:53] [ INFO ] [DomicilioDAOH2:20] iniciando las operaciones de guardado de un domicilio con id: 123
[2024-06-01 00:07:53] [ INFO ] [DomicilioDAOH2:34] domicilio guardado
[2024-06-01 00:07:53] [ INFO ] [PacienteDAOH2:38] paciente guardado con exito
[2024-06-01 00:08:06] [ INFO ] [PacienteDAOH2:103] iniciando las operaciones de busqueda:
[2024-06-01 00:08:06] [ INFO ] [DomicilioDAOH2:45] iniciando la busqueda de un domicilio con id: 1
[2024-06-01 00:08:06] [ INFO ] [DomicilioDAOH2:45] iniciando la busqueda de un domicilio con id: 2
[2024-06-01 00:08:06] [ INFO ] [DomicilioDAOH2:45] iniciando la busqueda de un domicilio con id: 123
[2024-06-01 00:08:06] [ INFO ] [DomicilioDAOH2:45] iniciando la busqueda de un domicilio con id: 4
[2024-06-01 00:08:51] [ INFO ] [PacienteDAOH2:20] inciando las operaciones de guardado de : Julio
[2024-06-01 00:08:51] [ INFO ] [DomicilioDAOH2:20] iniciando las operaciones de guardado de un domicilio con id: null
[2024-06-01 00:08:51] [ INFO ] [DomicilioDAOH2:34] domicilio guardado
[2024-06-01 00:08:51] [ INFO ] [PacienteDAOH2:38] paciente guardado con exito
[2024-06-01 00:09:03] [ INFO ] [PacienteDAOH2:103] iniciando las operaciones de busqueda:
[2024-06-01 00:09:03] [ INFO ] [DomicilioDAOH2:45] iniciando la busqueda de un domicilio con id: 1
[2024-06-01 00:09:03] [ INFO ] [DomicilioDAOH2:45] iniciando la busqueda de un domicilio con id: 2
[2024-06-01 00:09:03] [ INFO ] [DomicilioDAOH2:45] iniciando la busqueda de un domicilio con id: 123
[2024-06-01 00:09:03] [ INFO ] [DomicilioDAOH2:45] iniciando la busqueda de un domicilio con id: 4
[2024-06-01 00:09:03] [ INFO ] [DomicilioDAOH2:45] iniciando la busqueda de un domicilio con id: 5
[2024-06-01 00:11:50] [ INFO ] [PacienteDAOH2:20] inciando las operaciones de guardado de : Julio
[2024-06-01 00:11:50] [ INFO ] [DomicilioDAOH2:20] iniciando las operaciones de guardado de un domicilio con id: null
[2024-06-01 00:11:50] [ INFO ] [DomicilioDAOH2:34] domicilio guardado
[2024-06-01 00:11:50] [ INFO ] [PacienteDAOH2:38] paciente guardado con exito
[2024-06-01 00:12:06] [ INFO ] [PacienteDAOH2:103] iniciando las operaciones de busqueda:
[2024-06-01 00:12:06] [ INFO ] [DomicilioDAOH2:45] iniciando la busqueda de un domicilio con id: 1
[2024-06-01 00:12:06] [ INFO ] [DomicilioDAOH2:45] iniciando la busqueda de un domicilio con id: 2
[2024-06-01 00:12:06] [ INFO ] [DomicilioDAOH2:45] iniciando la busqueda de un domicilio con id: 123
[2024-06-01 00:12:06] [ INFO ] [DomicilioDAOH2:45] iniciando la busqueda de un domicilio con id: 4
[2024-06-01 00:12:06] [ INFO ] [DomicilioDAOH2:45] iniciando la busqueda de un domicilio con id: 5
[2024-06-01 00:12:06] [ INFO ] [DomicilioDAOH2:45] iniciando la busqueda de un domicilio con id: 6
[2024-06-01 00:12:28] [ INFO ] [PacienteDAOH2:103] iniciando las operaciones de busqueda:
[2024-06-01 00:12:28] [ INFO ] [DomicilioDAOH2:45] iniciando la busqueda de un domicilio con id: 1
[2024-06-01 00:12:28] [ INFO ] [DomicilioDAOH2:45] iniciando la busqueda de un domicilio con id: 2
[2024-06-01 00:12:28] [ INFO ] [DomicilioDAOH2:45] iniciando la busqueda de un domicilio con id: 123
[2024-06-01 00:12:28] [ INFO ] [DomicilioDAOH2:45] iniciando la busqueda de un domicilio con id: 4
[2024-06-01 00:12:28] [ INFO ] [DomicilioDAOH2:45] iniciando la busqueda de un domicilio con id: 5
[2024-06-01 00:12:28] [ INFO ] [DomicilioDAOH2:45] iniciando la busqueda de un domicilio con id: 6
[2024-06-01 00:13:05] [ INFO ] [PacienteDAOH2:103] iniciando las operaciones de busqueda:
[2024-06-01 00:13:05] [ INFO ] [DomicilioDAOH2:45] iniciando la busqueda de un domicilio con id: 1
[2024-06-01 00:13:05] [ INFO ] [DomicilioDAOH2:45] iniciando la busqueda de un domicilio con id: 2
[2024-06-01 00:13:05] [ INFO ] [DomicilioDAOH2:45] iniciando la busqueda de un domicilio con id: 123
[2024-06-01 00:13:05] [ INFO ] [DomicilioDAOH2:45] iniciando la busqueda de un domicilio con id: 4
[2024-06-01 00:13:05] [ INFO ] [DomicilioDAOH2:45] iniciando la busqueda de un domicilio con id: 5
[2024-06-01 00:13:05] [ INFO ] [DomicilioDAOH2:45] iniciando la busqueda de un domicilio con id: 6
[2024-06-01 00:14:35] [ INFO ] [PacienteDAOH2:103] iniciando las operaciones de busqueda:
[2024-06-01 00:14:35] [ INFO ] [DomicilioDAOH2:45] iniciando la busqueda de un domicilio con id: 1
[2024-06-01 00:14:35] [ INFO ] [DomicilioDAOH2:45] iniciando la busqueda de un domicilio con id: 2
[2024-06-01 00:14:35] [ INFO ] [DomicilioDAOH2:45] iniciando la busqueda de un domicilio con id: 123
[2024-06-01 00:14:35] [ INFO ] [DomicilioDAOH2:45] iniciando la busqueda de un domicilio con id: 4
[2024-06-01 00:14:35] [ INFO ] [DomicilioDAOH2:45] iniciando la busqueda de un domicilio con id: 5
[2024-06-01 00:14:35] [ INFO ] [DomicilioDAOH2:45] iniciando la busqueda de un domicilio con id: 6
[2024-06-01 00:14:43] [ INFO ] [PacienteDAOH2:103] iniciando las operaciones de busqueda:
[2024-06-01 00:14:43] [ INFO ] [DomicilioDAOH2:45] iniciando la busqueda de un domicilio con id: 1
[2024-06-01 00:14:43] [ INFO ] [DomicilioDAOH2:45] iniciando la busqueda de un domicilio con id: 2
[2024-06-01 00:14:43] [ INFO ] [DomicilioDAOH2:45] iniciando la busqueda de un domicilio con id: 123
[2024-06-01 00:14:43] [ INFO ] [DomicilioDAOH2:45] iniciando la busqueda de un domicilio con id: 4
[2024-06-01 00:14:43] [ INFO ] [DomicilioDAOH2:45] iniciando la busqueda de un domicilio con id: 5
[2024-06-01 00:14:43] [ INFO ] [DomicilioDAOH2:45] iniciando la busqueda de un domicilio con id: 6
[2024-06-01 00:18:21] [ INFO ] [BD:34] tabla creada con exito
[2024-06-01 00:18:40] [ INFO ] [PacienteDAOH2:103] iniciando las operaciones de busqueda:
[2024-06-01 00:18:40] [ INFO ] [DomicilioDAOH2:45] iniciando la busqueda de un domicilio con id: 1
[2024-06-01 00:18:40] [ INFO ] [DomicilioDAOH2:45] iniciando la busqueda de un domicilio con id: 2
[2024-06-01 00:18:43] [ INFO ] [PacienteDAOH2:103] iniciando las operaciones de busqueda:
[2024-06-01 00:18:43] [ INFO ] [DomicilioDAOH2:45] iniciando la busqueda de un domicilio con id: 1
[2024-06-01 00:18:43] [ INFO ] [DomicilioDAOH2:45] iniciando la busqueda de un domicilio con id: 2
[2024-06-01 00:18:49] [ INFO ] [PacienteDAOH2:103] iniciando las operaciones de busqueda:
[2024-06-01 00:18:49] [ INFO ] [DomicilioDAOH2:45] iniciando la busqueda de un domicilio con id: 1
[2024-06-01 00:18:49] [ INFO ] [DomicilioDAOH2:45] iniciando la busqueda de un domicilio con id: 2
[2024-06-01 00:19:42] [ INFO ] [BD:34] tabla creada con exito
[2024-06-01 00:20:06] [ INFO ] [PacienteDAOH2:103] iniciando las operaciones de busqueda:
[2024-06-01 00:20:06] [ INFO ] [DomicilioDAOH2:45] iniciando la busqueda de un domicilio con id: 1
[2024-06-01 00:20:06] [ INFO ] [DomicilioDAOH2:45] iniciando la busqueda de un domicilio con id: 2
[2024-06-01 00:20:09] [ INFO ] [PacienteDAOH2:103] iniciando las operaciones de busqueda:
[2024-06-01 00:20:09] [ INFO ] [DomicilioDAOH2:45] iniciando la busqueda de un domicilio con id: 1
[2024-06-01 00:20:09] [ INFO ] [DomicilioDAOH2:45] iniciando la busqueda de un domicilio con id: 2
[2024-06-01 00:21:29] [ INFO ] [BD:34] tabla creada con exito
[2024-06-01 00:21:41] [ INFO ] [PacienteDAOH2:103] iniciando las operaciones de busqueda:
[2024-06-01 00:21:41] [ INFO ] [DomicilioDAOH2:45] iniciando la busqueda de un domicilio con id: 1
[2024-06-01 00:21:41] [ INFO ] [DomicilioDAOH2:45] iniciando la busqueda de un domicilio con id: 2
[2024-06-01 00:21:46] [ INFO ] [PacienteDAOH2:103] iniciando las operaciones de busqueda:
[2024-06-01 00:21:46] [ INFO ] [DomicilioDAOH2:45] iniciando la busqueda de un domicilio con id: 1
[2024-06-01 00:21:46] [ INFO ] [DomicilioDAOH2:45] iniciando la busqueda de un domicilio con id: 2
[2024-06-01 00:22:22] [ INFO ] [BD:34] tabla creada con exito
[2024-06-01 00:22:32] [ INFO ] [PacienteDAOH2:103] iniciando las operaciones de busqueda:
[2024-06-01 00:22:32] [ INFO ] [DomicilioDAOH2:45] iniciando la busqueda de un domicilio con id: 1
[2024-06-01 00:22:32] [ INFO ] [DomicilioDAOH2:45] iniciando la busqueda de un domicilio con id: 2
[2024-06-01 00:23:04] [ INFO ] [PacienteDAOH2:20] inciando las operaciones de guardado de : Julio
[2024-06-01 00:23:04] [ INFO ] [DomicilioDAOH2:20] iniciando las operaciones de guardado de un domicilio con id: null
[2024-06-01 00:23:04] [ INFO ] [DomicilioDAOH2:34] domicilio guardado
[2024-06-01 00:23:04] [ INFO ] [PacienteDAOH2:38] paciente guardado con exito
[2024-06-01 00:23:10] [ INFO ] [PacienteDAOH2:103] iniciando las operaciones de busqueda:
[2024-06-01 00:23:10] [ INFO ] [DomicilioDAOH2:45] iniciando la busqueda de un domicilio con id: 1
[2024-06-01 00:23:10] [ INFO ] [DomicilioDAOH2:45] iniciando la busqueda de un domicilio con id: 2
[2024-06-01 00:23:10] [ INFO ] [DomicilioDAOH2:45] iniciando la busqueda de un domicilio con id: 3
[2024-06-01 00:37:52] [ INFO ] [BD:34] tabla creada con exito
[2024-06-01 00:38:26] [ INFO ] [PacienteDAOH2:103] iniciando las operaciones de busqueda:
[2024-06-01 00:38:27] [ INFO ] [DomicilioDAOH2:45] iniciando la busqueda de un domicilio con id: 1
[2024-06-01 00:38:27] [ INFO ] [DomicilioDAOH2:45] iniciando la busqueda de un domicilio con id: 2
[2024-06-01 00:41:17] [ INFO ] [BD:34] tabla creada con exito
[2024-06-01 00:41:40] [ INFO ] [PacienteDAOH2:103] iniciando las operaciones de busqueda:
[2024-06-01 00:41:40] [ INFO ] [DomicilioDAOH2:45] iniciando la busqueda de un domicilio con id: 1
[2024-06-01 00:41:40] [ INFO ] [DomicilioDAOH2:45] iniciando la busqueda de un domicilio con id: 2
[2024-06-01 00:41:45] [ INFO ] [PacienteDAOH2:103] iniciando las operaciones de busqueda:
[2024-06-01 00:41:45] [ INFO ] [DomicilioDAOH2:45] iniciando la busqueda de un domicilio con id: 1
[2024-06-01 00:41:45] [ INFO ] [DomicilioDAOH2:45] iniciando la busqueda de un domicilio con id: 2
[2024-06-01 00:45:19] [ INFO ] [BD:34] tabla creada con exito
[2024-06-01 00:45:27] [ INFO ] [PacienteDAOH2:103] iniciando las operaciones de busqueda:
[2024-06-01 00:45:27] [ INFO ] [DomicilioDAOH2:45] iniciando la busqueda de un domicilio con id: 1
[2024-06-01 00:45:27] [ INFO ] [DomicilioDAOH2:45] iniciando la busqueda de un domicilio con id: 2
[2024-06-01 00:45:49] [ INFO ] [OdontologoDAOH2:96] iniciando las operaciones de:  listado de todos los odontologos
[2024-06-01 00:45:53] [ INFO ] [TurnoDAOLISTA:52] iniciando las operacion de mostrar todos los turnos
[2024-06-01 00:45:55] [ INFO ] [TurnoDAOLISTA:52] iniciando las operacion de mostrar todos los turnos
[2024-06-01 00:45:58] [ INFO ] [TurnoDAOLISTA:52] iniciando las operacion de mostrar todos los turnos
[2024-06-01 00:48:57] [ INFO ] [BD:34] tabla creada con exito
[2024-06-01 00:54:53] [ INFO ] [BD:34] tabla creada con exito
[2024-06-01 00:54:59] [ INFO ] [PacienteDAOH2:103] iniciando las operaciones de busqueda:
[2024-06-01 00:54:59] [ INFO ] [DomicilioDAOH2:45] iniciando la busqueda de un domicilio con id: 1
[2024-06-01 00:54:59] [ INFO ] [DomicilioDAOH2:45] iniciando la busqueda de un domicilio con id: 2
[2024-06-01 00:56:15] [ INFO ] [BD:34] tabla creada con exito
[2024-06-01 00:56:23] [ INFO ] [PacienteDAOH2:103] iniciando las operaciones de busqueda:
[2024-06-01 00:56:23] [ INFO ] [DomicilioDAOH2:45] iniciando la busqueda de un domicilio con id: 1
[2024-06-01 00:56:23] [ INFO ] [DomicilioDAOH2:45] iniciando la busqueda de un domicilio con id: 2
[2024-06-01 00:56:28] [ INFO ] [OdontologoDAOH2:96] iniciando las operaciones de:  listado de todos los odontologos
[2024-06-01 00:56:30] [ INFO ] [TurnoDAOLISTA:52] iniciando las operacion de mostrar todos los turnos
[2024-06-01 00:57:39] [ INFO ] [BD:34] tabla creada con exito
[2024-06-01 00:57:50] [ INFO ] [PacienteDAOH2:103] iniciando las operaciones de busqueda:
[2024-06-01 00:57:50] [ INFO ] [DomicilioDAOH2:45] iniciando la busqueda de un domicilio con id: 1
[2024-06-01 00:57:50] [ INFO ] [DomicilioDAOH2:45] iniciando la busqueda de un domicilio con id: 2
[2024-06-01 00:58:26] [ INFO ] [BD:34] tabla creada con exito
